\BOOKMARK [-1][-]{part.1}{I\040Part}{}% 1
\BOOKMARK [0][-]{chapter.1}{Solving\040Problems\040with\040Data}{part.1}% 2
\BOOKMARK [1][-]{section.1.1}{Introduction}{chapter.1}% 3
\BOOKMARK [1][-]{section.1.2}{Solving\040Problems\040with\040Data:\040An\040Overview}{chapter.1}% 4
\BOOKMARK [2][-]{subsection.1.2.1}{Specifying\040the\040Problem}{section.1.2}% 5
\BOOKMARK [2][-]{subsection.1.2.2}{Solving\040Problems\040Through\040Answering\040Questions}{section.1.2}% 6
\BOOKMARK [2][-]{subsection.1.2.3}{Types\040of\040Questions}{section.1.2}% 7
\BOOKMARK [1][-]{section.1.3}{Question\040Types\040and\040Their\040Uses}{chapter.1}% 8
\BOOKMARK [2][-]{subsection.1.3.1}{Exploratory\040Questions}{section.1.3}% 9
\BOOKMARK [2][-]{subsection.1.3.2}{Passive\040Prediction\040Questions}{section.1.3}% 10
\BOOKMARK [2][-]{subsection.1.3.3}{Causal\040Questions}{section.1.3}% 11
\BOOKMARK [1][-]{section.1.4}{Bringing\040It\040All\040Together}{chapter.1}% 12
\BOOKMARK [1][-]{section.1.5}{Reading\040Reflection\040Questions}{chapter.1}% 13
\BOOKMARK [0][-]{chapter.2}{Stakeholder\040Management\040&\040Solving\040the\040Right\040Problem}{part.1}% 14
\BOOKMARK [1][-]{section.2.1}{Problem\040Refinement\040&\040Stakeholder\040Management}{chapter.2}% 15
\BOOKMARK [2][-]{subsection.2.1.1}{Step\0400:\040Recognize\040Your\040Role}{section.2.1}% 16
\BOOKMARK [2][-]{subsection.2.1.2}{\376\377\000S\000t\000e\000p\000\040\0001\000:\000\040\000D\000o\000n\040\031\000t\000\040\000A\000s\000s\000u\000m\000e\000\040\000Y\000o\000u\000r\000\040\000S\000t\000a\000k\000e\000h\000o\000l\000d\000e\000r\000\040\000K\000n\000o\000w\000s\000\040\000W\000h\000a\000t\000\040\000T\000h\000e\000y\000\040\000N\000e\000e\000d}{section.2.1}% 17
\BOOKMARK [2][-]{subsection.2.1.3}{Step\0402:\040Abstract\040the\040Problem}{section.2.1}% 18
\BOOKMARK [2][-]{subsection.2.1.4}{Step\0403:\040Ask\040Questions\040\(Especially\040Quantitative\040Ones!\)}{section.2.1}% 19
\BOOKMARK [3][-]{subsubsection*.10}{Questions\040About\040Success}{subsection.2.1.4}% 20
\BOOKMARK [3][-]{subsubsection*.11}{Questions\040About\040the\040Problem}{subsection.2.1.4}% 21
\BOOKMARK [2][-]{subsection.2.1.5}{Step\0404:\040Propose\040Questions\040You\040Might\040Answer}{section.2.1}% 22
\BOOKMARK [3][-]{subsubsection*.12}{Make\040Your\040Questions\040Specific\040and\040Actionable}{subsection.2.1.5}% 23
\BOOKMARK [2][-]{subsection.2.1.6}{Step\0405:\040Iterate}{section.2.1}% 24
\BOOKMARK [1][-]{section.2.2}{What\040Solving\040the\040Wrong\040Problem\040Looks\040Like}{chapter.2}% 25
\BOOKMARK [2][-]{subsection.2.2.1}{Solving\040The\040Wrong\040Problem}{section.2.2}% 26
\BOOKMARK [3][-]{subsubsection*.13}{Counter-Factual\040Advertising}{subsection.2.2.1}% 27
\BOOKMARK [1][-]{section.2.3}{Next\040Up:\040Types\040of\040Questions}{chapter.2}% 28
\BOOKMARK [1][-]{section.2.4}{Reading\040Reflection\040Questions}{chapter.2}% 29
\BOOKMARK [0][-]{chapter.3}{What\040is\040Data\040Science:\040An\040Historical\040Perspective}{part.1}% 30
\BOOKMARK [1][-]{section.3.1}{The\040Organization\040of\040Academia,\040Data\040Science,\040and\040You}{chapter.3}% 31
\BOOKMARK [1][-]{section.3.2}{The\040Data\040Analyst\040/\040Software\040Engineering\040Distinction}{chapter.3}% 32
\BOOKMARK [-1][-]{part.2}{II\040Types\040of\040Questions}{}% 33
\BOOKMARK [0][-]{chapter.4}{Descriptive\040v.\040Proscriptive\040Questions}{part.2}% 34
\BOOKMARK [1][-]{section.4.1}{Opioid\040Reductions}{chapter.4}% 35
\BOOKMARK [1][-]{section.4.2}{The\040Example\040of\040Carbon\040Emissions}{chapter.4}% 36
\BOOKMARK [1][-]{section.4.3}{Recap}{chapter.4}% 37
\BOOKMARK [0][-]{chapter.5}{EDA:\040The\040Most\040Pernicious\040Term\040in\040Data\040Science}{part.2}% 38
\BOOKMARK [1][-]{section.5.1}{Recap}{chapter.5}% 39
\BOOKMARK [0][-]{chapter.6}{Using\040Exploratory\040Questions}{part.2}% 40
\BOOKMARK [1][-]{section.6.1}{Using\040Exploratory\040Questions\040to\040Prioritize\040Efforts}{chapter.6}% 41
\BOOKMARK [2][-]{subsection.6.1.1}{Code\040Optimization}{section.6.1}% 42
\BOOKMARK [2][-]{subsection.6.1.2}{Picking\040the\040Right\040Target}{section.6.1}% 43
\BOOKMARK [2][-]{subsection.6.1.3}{Collecting,\040Merging,\040and\040Creating\040New\040Data}{section.6.1}% 44
\BOOKMARK [0][-]{chapter.7}{Answering\040Exploratory\040Questions}{part.2}% 45
\BOOKMARK [1][-]{section.7.1}{The\040Three-Part\040Goal}{chapter.7}% 46
\BOOKMARK [2][-]{subsection.7.1.1}{Understandable\040Summarizations}{section.7.1}% 47
\BOOKMARK [2][-]{subsection.7.1.2}{Meaningful\040Patterns}{section.7.1}% 48
\BOOKMARK [2][-]{subsection.7.1.3}{Faithful\040Representations}{section.7.1}% 49
\BOOKMARK [2][-]{subsection.7.1.4}{\376\377\000B\000u\000t\040\046\000\040\000I\000\040\000T\000h\000o\000u\000g\000h\000t\000\040\000U\000n\000s\000u\000p\000e\000r\000v\000i\000s\000e\000d\000\040\000M\000a\000c\000h\000i\000n\000e\000\040\000L\000e\000a\000r\000n\000i\000n\000g\000\040\000A\000l\000w\000a\000y\000s\000\040\000F\000o\000u\000n\000d\000\040\000T\000h\000e\000\040\040\034\000B\000e\000s\000t\040\035}{section.7.1}% 50
\BOOKMARK [2][-]{subsection.7.1.5}{Myopic\040Tools}{section.7.1}% 51
\BOOKMARK [0][-]{chapter.8}{Internal\040versus\040External\040Validity}{part.2}% 52
\BOOKMARK [1][-]{section.8.1}{Interval\040v.\040External\040Validity:\040An\040Example}{chapter.8}% 53
\BOOKMARK [1][-]{section.8.2}{External\040Validity}{chapter.8}% 54
\BOOKMARK [2][-]{subsection.8.2.1}{External\040Validity\040Considerations}{section.8.2}% 55
\BOOKMARK [0][-]{chapter.9}{Passive-Prediction\040Questions}{part.2}% 56
\BOOKMARK [1][-]{section.9.1}{Flavors\040of\040Passive-Prediction\040Questions}{chapter.9}% 57
\BOOKMARK [1][-]{section.9.2}{Differentiating\040Between\040Exploratory\040and\040Passive-Prediction\040Questions}{chapter.9}% 58
\BOOKMARK [1][-]{section.9.3}{When\040Are\040Our\040Predictions\040Valid?}{chapter.9}% 59
\BOOKMARK [2][-]{subsection.9.3.1}{Internal\040Validity}{section.9.3}% 60
\BOOKMARK [2][-]{subsection.9.3.2}{External\040Validity}{section.9.3}% 61
\BOOKMARK [0][-]{chapter.10}{Causal\040Questions:\040The\040Theory}{part.2}% 62
\BOOKMARK [1][-]{section.10.1}{What\040Does\040It\040Mean\040for\040X\040to\040Cause\040Y?}{chapter.10}% 63
\BOOKMARK [1][-]{section.10.2}{Measuring\040the\040Effect\040of\040X\040on\040Y}{chapter.10}% 64
\BOOKMARK [1][-]{section.10.3}{So\040where\040does\040that\040leave\040us?}{chapter.10}% 65
\BOOKMARK [1][-]{section.10.4}{Why\040Passive-Prediction\040Is\040Not\040Enough}{chapter.10}% 66
\BOOKMARK [1][-]{section.10.5}{Next\040Steps}{chapter.10}% 67
\BOOKMARK [0][-]{chapter.11}{Causal\040Questions\040in\040Practice}{part.2}% 68
\BOOKMARK [1][-]{section.11.1}{When\040Do\040Causal\040Questions\040Come\040Up?}{chapter.11}% 69
\BOOKMARK [2][-]{subsection.11.1.1}{Where\040Causal\040Questions\040Come\040From:\040An\040Example}{section.11.1}% 70
\BOOKMARK [1][-]{section.11.2}{The\040Two-Fold\040Challenge\040of\040Causal\040Questions}{chapter.11}% 71
\BOOKMARK [2][-]{subsection.11.2.1}{Internal\040and\040External\040Validity:\040An\040Example}{section.11.2}% 72
\BOOKMARK [2][-]{subsection.11.2.2}{External\040Validity\040To\040What}{section.11.2}% 73
\BOOKMARK [1][-]{section.11.3}{The\040Causal\040Question\040Work\040Flow}{chapter.11}% 74
\BOOKMARK [2][-]{subsection.11.3.1}{Identify\040Relevant\040Previous\040Studies}{section.11.3}% 75
\BOOKMARK [2][-]{subsection.11.3.2}{Evaluate\040Previous\040Studies}{section.11.3}% 76
\BOOKMARK [2][-]{subsection.11.3.3}{Plan\040A\040New\040Study}{section.11.3}% 77
\BOOKMARK [1][-]{section.11.4}{Wrapping\040Up\040and\040Next\040Steps}{chapter.11}% 78
\BOOKMARK [-1][-]{part.3}{III\040Data\040Science\040in\040Practice}{}% 79
\BOOKMARK [0][-]{chapter.12}{Backwards\040Design}{part.3}% 80
\BOOKMARK [1][-]{section.12.1}{Overview}{chapter.12}% 81
\BOOKMARK [1][-]{section.12.2}{1\)\040Define\040Your\040Problem}{chapter.12}% 82
\BOOKMARK [1][-]{section.12.3}{2\)\040Define\040the\040Question\040You\040Wish\040to\040Answer}{chapter.12}% 83
\BOOKMARK [2][-]{subsection.12.3.1}{Defining\040a\040Good\040Question}{section.12.3}% 84
\BOOKMARK [2][-]{subsection.12.3.2}{Why\040is\040Having\040a\040Good\040Question\040Important?}{section.12.3}% 85
\BOOKMARK [1][-]{section.12.4}{3\)\040Write\040Down\040What\040An\040Answer\040Would\040Look\040Like}{chapter.12}% 86
\BOOKMARK [2][-]{subsection.12.4.1}{Falsifiability}{section.12.4}% 87
\BOOKMARK [1][-]{section.12.5}{4\)\040What\040Data\040Do\040You\040Need?}{chapter.12}% 88
\BOOKMARK [1][-]{section.12.6}{5\)\040Where\040Can\040You\040Get\040That\040Data?}{chapter.12}% 89
\BOOKMARK [1][-]{section.12.7}{Wrapping\040Up}{chapter.12}% 90
\BOOKMARK [1][-]{section.12.8}{A\040Digression\040on\040Supervised\040Machine\040Learning}{chapter.12}% 91
\BOOKMARK [0][-]{chapter.13}{Making\040Decisions\040Using\040Data}{part.3}% 92
\BOOKMARK [0][-]{chapter.14}{Writing\040Data\040Science\040Report\040for\040Non-Technical\040Audiences}{part.3}% 93
\BOOKMARK [1][-]{section.14.1}{Identify\040your\040audience}{chapter.14}% 94
\BOOKMARK [1][-]{section.14.2}{Introduction\040/\040Executive\040Summary}{chapter.14}% 95
\BOOKMARK [1][-]{section.14.3}{Background}{chapter.14}% 96
\BOOKMARK [1][-]{section.14.4}{Your\040Design}{chapter.14}% 97
\BOOKMARK [1][-]{section.14.5}{Your\040Results}{chapter.14}% 98
\BOOKMARK [1][-]{section.14.6}{Conclusions}{chapter.14}% 99
\BOOKMARK [1][-]{section.14.7}{Appendix}{chapter.14}% 100
\BOOKMARK [-1][-]{part.4}{IV\040Advanced\040Topics}{}% 101
\BOOKMARK [0][-]{chapter.15}{Interpretable\040Models}{part.4}% 102
